
INFO  10:26:27 Application started. Press Ctrl+C to shut down.
INFO  10:26:27 Application started. Press Ctrl+C to shut down.
INFO  10:26:27 Hosting environment: Development
INFO  10:26:27 Hosting environment: Development
INFO  10:26:27 Content root path: C:\Users\saiab\source\repos\AuthServices\AuthServices
INFO  10:26:27 Content root path: C:\Users\saiab\source\repos\AuthServices\AuthServices
INFO  10:31:16 Application started. Press Ctrl+C to shut down.
INFO  10:31:16 Application started. Press Ctrl+C to shut down.
INFO  10:31:16 Hosting environment: Development
INFO  10:31:16 Hosting environment: Development
INFO  10:31:16 Content root path: C:\Users\saiab\source\repos\AuthServices\AuthServices
INFO  10:31:16 Content root path: C:\Users\saiab\source\repos\AuthServices\AuthServices
INFO  10:40:01 Application started. Press Ctrl+C to shut down.
INFO  10:40:01 Application started. Press Ctrl+C to shut down.
INFO  10:40:01 Hosting environment: Development
INFO  10:40:01 Hosting environment: Development
INFO  10:40:01 Content root path: C:\Users\saiab\source\repos\AuthServices\AuthServices
INFO  10:40:01 Content root path: C:\Users\saiab\source\repos\AuthServices\AuthServices
INFO  09:14:57 Application started. Press Ctrl+C to shut down.
INFO  09:14:57 Application started. Press Ctrl+C to shut down.
INFO  09:14:57 Hosting environment: Development
INFO  09:14:57 Hosting environment: Development
INFO  09:14:57 Content root path: C:\Users\saiab\source\repos\AuthServices\AuthServices
INFO  09:14:57 Content root path: C:\Users\saiab\source\repos\AuthServices\AuthServices
INFO  11:10:13 Application started. Press Ctrl+C to shut down.
INFO  11:10:13 Application started. Press Ctrl+C to shut down.
INFO  11:10:13 Hosting environment: Development
INFO  11:10:13 Hosting environment: Development
INFO  11:10:13 Content root path: C:\Users\saiab\source\repos\AuthServices\AuthServices
INFO  11:10:13 Content root path: C:\Users\saiab\source\repos\AuthServices\AuthServices
INFO  11:11:56 Application started. Press Ctrl+C to shut down.
INFO  11:11:56 Application started. Press Ctrl+C to shut down.
INFO  11:11:56 Hosting environment: Development
INFO  11:11:56 Hosting environment: Development
INFO  11:11:56 Content root path: C:\Users\saiab\source\repos\AuthServices\AuthServices
INFO  11:11:56 Content root path: C:\Users\saiab\source\repos\AuthServices\AuthServices
INFO  11:17:51 Application started. Press Ctrl+C to shut down.
INFO  11:17:51 Application started. Press Ctrl+C to shut down.
INFO  11:17:51 Hosting environment: Development
INFO  11:17:51 Hosting environment: Development
INFO  11:17:51 Content root path: C:\Users\saiab\source\repos\AuthServices\AuthServices
INFO  11:17:51 Content root path: C:\Users\saiab\source\repos\AuthServices\AuthServices
INFO  11:35:13 Application started. Press Ctrl+C to shut down.
INFO  11:35:13 Application started. Press Ctrl+C to shut down.
INFO  11:35:13 Hosting environment: Development
INFO  11:35:13 Hosting environment: Development
INFO  11:35:13 Content root path: C:\Users\saiab\source\repos\AuthServices\AuthServices
INFO  11:35:13 Content root path: C:\Users\saiab\source\repos\AuthServices\AuthServices
INFO  11:35:38 Authentication initiated
INFO  11:35:41 UserFound
INFO  11:35:41 Token Generation initiated
INFO  11:35:42 token is obtained
INFO  12:48:46 Application started. Press Ctrl+C to shut down.
INFO  12:48:46 Application started. Press Ctrl+C to shut down.
INFO  12:48:46 Hosting environment: Development
INFO  12:48:46 Hosting environment: Development
INFO  12:48:46 Content root path: C:\Users\saiab\source\repos\Stimulation project\AuthServices\AuthServices
INFO  12:48:46 Content root path: C:\Users\saiab\source\repos\Stimulation project\AuthServices\AuthServices
INFO  12:49:20 Authentication initiated
INFO  12:49:21 UserFound
INFO  12:49:21 Token Generation initiated
INFO  12:49:21 token is obtained
INFO  03:33:19 Application started. Press Ctrl+C to shut down.
INFO  03:33:19 Application started. Press Ctrl+C to shut down.
INFO  03:33:19 Hosting environment: Development
INFO  03:33:19 Hosting environment: Development
INFO  03:33:19 Content root path: C:\Users\saiab\source\repos\Stimulation project\AuthServices\AuthServices
INFO  03:33:19 Content root path: C:\Users\saiab\source\repos\Stimulation project\AuthServices\AuthServices
INFO  03:34:00 Authentication initiated
INFO  03:34:07 UserFound
INFO  03:34:07 Token Generation initiated
INFO  03:34:07 token is obtained
INFO  02:11:27 Application started. Press Ctrl+C to shut down.
INFO  02:11:27 Application started. Press Ctrl+C to shut down.
INFO  02:11:27 Hosting environment: Development
INFO  02:11:27 Hosting environment: Development
INFO  02:11:27 Content root path: C:\Users\saiab\source\repos\Stimulation project\AuthServices\AuthServices
INFO  02:11:27 Content root path: C:\Users\saiab\source\repos\Stimulation project\AuthServices\AuthServices
INFO  02:15:46 Application started. Press Ctrl+C to shut down.
INFO  02:15:46 Application started. Press Ctrl+C to shut down.
INFO  02:15:46 Hosting environment: Development
INFO  02:15:46 Hosting environment: Development
INFO  02:15:46 Content root path: C:\Users\saiab\source\repos\Stimulation project\AuthServices\AuthServices
INFO  02:15:46 Content root path: C:\Users\saiab\source\repos\Stimulation project\AuthServices\AuthServices
INFO  04:32:27 Application started. Press Ctrl+C to shut down.
INFO  04:32:27 Application started. Press Ctrl+C to shut down.
INFO  04:32:27 Hosting environment: Development
INFO  04:32:27 Hosting environment: Development
INFO  04:32:27 Content root path: C:\Users\saiab\source\repos\Stimulation project\AuthServices\AuthServices
INFO  04:32:27 Content root path: C:\Users\saiab\source\repos\Stimulation project\AuthServices\AuthServices
INFO  07:09:40 Application started. Press Ctrl+C to shut down.
INFO  07:09:40 Application started. Press Ctrl+C to shut down.
INFO  07:09:40 Hosting environment: Development
INFO  07:09:40 Hosting environment: Development
INFO  07:09:40 Content root path: C:\Users\saiab\source\repos\Stimulation project\AuthServices\AuthServices
INFO  07:09:40 Content root path: C:\Users\saiab\source\repos\Stimulation project\AuthServices\AuthServices
INFO  07:35:21 Application started. Press Ctrl+C to shut down.
INFO  07:35:21 Application started. Press Ctrl+C to shut down.
INFO  07:35:21 Hosting environment: Development
INFO  07:35:21 Hosting environment: Development
INFO  07:35:21 Content root path: C:\Users\saiab\source\repos\Stimulation project\AuthServices\AuthServices
INFO  07:35:21 Content root path: C:\Users\saiab\source\repos\Stimulation project\AuthServices\AuthServices
INFO  07:37:55 Authentication initiated
INFO  07:38:06 UserFound
INFO  07:38:06 Token Generation initiated
INFO  07:38:06 token is obtained
INFO  07:40:24 Authentication initiated
INFO  07:40:24 UserFound
INFO  07:40:24 Token Generation initiated
INFO  07:40:24 token is obtained
INFO  07:40:27 Authentication initiated
INFO  07:40:27 Error
INFO  07:40:28 Authentication initiated
INFO  07:40:28 Error
INFO  07:40:35 Authentication initiated
INFO  07:40:35 UserFound
INFO  07:40:35 Token Generation initiated
INFO  07:40:35 token is obtained
INFO  07:40:36 Authentication initiated
INFO  07:40:36 Error
INFO  07:40:37 Authentication initiated
INFO  07:40:37 Error
INFO  07:43:15 Authentication initiated
INFO  07:43:15 UserFound
INFO  07:43:15 Token Generation initiated
INFO  07:43:15 token is obtained
INFO  07:43:17 Authentication initiated
INFO  07:43:17 Error
INFO  07:43:18 Authentication initiated
INFO  07:43:18 Error
INFO  07:43:19 Authentication initiated
INFO  07:43:19 Error
INFO  07:43:20 Authentication initiated
INFO  07:43:20 Error
INFO  07:48:14 Authentication initiated
INFO  07:48:14 UserFound
INFO  07:48:14 Token Generation initiated
INFO  07:48:14 token is obtained
INFO  07:48:17 Authentication initiated
INFO  07:48:17 Error
INFO  07:49:31 Authentication initiated
INFO  07:49:31 UserFound
INFO  07:49:31 Token Generation initiated
INFO  07:49:31 token is obtained
INFO  07:49:33 Authentication initiated
INFO  07:49:33 Error
INFO  07:49:34 Authentication initiated
INFO  07:49:34 Error
INFO  07:50:35 Authentication initiated
INFO  07:50:35 UserFound
INFO  07:50:35 Token Generation initiated
INFO  07:50:35 token is obtained
INFO  08:16:51 Authentication initiated
INFO  08:16:53 UserFound
INFO  08:16:53 Token Generation initiated
INFO  08:16:53 token is obtained
INFO  08:18:05 Authentication initiated
INFO  08:18:05 UserFound
INFO  08:18:05 Token Generation initiated
INFO  08:18:05 token is obtained
INFO  08:20:18 Authentication initiated
INFO  08:20:18 UserFound
INFO  08:20:18 Token Generation initiated
INFO  08:20:18 token is obtained
INFO  08:24:34 Authentication initiated
INFO  08:24:34 UserFound
INFO  08:24:34 Token Generation initiated
INFO  08:24:34 token is obtained
INFO  08:24:44 Authentication initiated
INFO  08:24:44 UserFound
INFO  08:24:44 Token Generation initiated
INFO  08:24:44 token is obtained
INFO  08:24:47 Authentication initiated
INFO  08:24:47 Error
INFO  08:24:48 Authentication initiated
INFO  08:24:48 Error
INFO  08:24:50 Authentication initiated
INFO  08:24:50 Error
INFO  08:26:56 Authentication initiated
INFO  08:26:56 UserFound
INFO  08:26:56 Token Generation initiated
INFO  08:26:56 token is obtained
INFO  08:26:58 Authentication initiated
INFO  08:26:58 Error
INFO  08:26:59 Authentication initiated
INFO  08:26:59 Error
INFO  08:27:00 Authentication initiated
INFO  08:27:00 Error
INFO  08:27:02 Authentication initiated
INFO  08:27:02 Error
INFO  08:27:04 Authentication initiated
INFO  08:27:04 Error
INFO  08:27:06 Authentication initiated
INFO  08:27:06 Error
INFO  08:28:07 Authentication initiated
INFO  08:28:07 UserFound
INFO  08:28:07 Token Generation initiated
INFO  08:28:07 token is obtained
INFO  08:30:28 Authentication initiated
INFO  08:30:28 UserFound
INFO  08:30:28 Token Generation initiated
INFO  08:30:28 token is obtained
INFO  08:33:49 Application started. Press Ctrl+C to shut down.
INFO  08:33:49 Application started. Press Ctrl+C to shut down.
INFO  08:33:49 Hosting environment: Development
INFO  08:33:49 Hosting environment: Development
INFO  08:33:49 Content root path: C:\Users\saiab\source\repos\Stimulation project\AuthServices\AuthServices
INFO  08:33:49 Content root path: C:\Users\saiab\source\repos\Stimulation project\AuthServices\AuthServices
INFO  08:34:30 Authentication initiated
INFO  08:34:32 Login credential matched
INFO  08:34:32 Token Generation initiated
INFO  08:35:47 Authentication initiated
INFO  08:35:47 Login credential matched
INFO  08:35:47 Token Generation initiated
INFO  08:37:07 Application started. Press Ctrl+C to shut down.
INFO  08:37:07 Application started. Press Ctrl+C to shut down.
INFO  08:37:07 Hosting environment: Development
INFO  08:37:07 Hosting environment: Development
INFO  08:37:07 Content root path: C:\Users\saiab\source\repos\Stimulation project\AuthServices\AuthServices
INFO  08:37:07 Content root path: C:\Users\saiab\source\repos\Stimulation project\AuthServices\AuthServices
INFO  08:38:06 Authentication initiated
INFO  08:38:28 Login credential matched
INFO  08:38:40 Token Generation initiated
INFO  08:47:28 Authentication initiated
INFO  08:47:33 Login credential matched
INFO  08:47:35 Token Generation initiated
INFO  08:49:27 Application started. Press Ctrl+C to shut down.
INFO  08:49:27 Application started. Press Ctrl+C to shut down.
INFO  08:49:27 Hosting environment: Development
INFO  08:49:27 Hosting environment: Development
INFO  08:49:27 Content root path: C:\Users\saiab\source\repos\Stimulation project\AuthServices\AuthServices
INFO  08:49:27 Content root path: C:\Users\saiab\source\repos\Stimulation project\AuthServices\AuthServices
INFO  08:49:51 Authentication initiated
INFO  08:49:52 Login credential matched
INFO  08:49:52 Token Generation initiated
INFO  08:52:35 Authentication initiated
INFO  08:52:35 Login credential matched
INFO  08:52:35 Token Generation initiated
INFO  08:55:25 Authentication initiated
INFO  08:55:25 Login credential matched
INFO  08:55:25 Token Generation initiated
INFO  09:03:08 Authentication initiated
INFO  09:03:08 Login credential matched
INFO  09:03:08 Token Generation initiated
INFO  09:06:05 Authentication initiated
INFO  09:06:05 Login credential matched
INFO  09:06:05 Token Generation initiated
INFO  09:15:05 Authentication initiated
INFO  09:15:06 Login credential matched
INFO  09:15:06 Token Generation initiated
INFO  09:19:33 Authentication initiated
INFO  09:19:33 Login credential matched
INFO  09:19:33 Token Generation initiated
INFO  09:26:09 Application started. Press Ctrl+C to shut down.
INFO  09:26:09 Application started. Press Ctrl+C to shut down.
INFO  09:26:09 Hosting environment: Development
INFO  09:26:09 Hosting environment: Development
INFO  09:26:09 Content root path: C:\Users\saiab\source\repos\Stimulation project\AuthServices\AuthServices
INFO  09:26:09 Content root path: C:\Users\saiab\source\repos\Stimulation project\AuthServices\AuthServices
INFO  09:26:31 Authentication initiated
INFO  09:26:34 Login credential matched
INFO  09:26:34 Token Generation initiated
INFO  12:06:49 Application started. Press Ctrl+C to shut down.
INFO  12:06:49 Application started. Press Ctrl+C to shut down.
INFO  12:06:49 Hosting environment: Development
INFO  12:06:49 Hosting environment: Development
INFO  12:06:49 Content root path: C:\Users\saiab\source\repos\Stimulation project\AuthServices\AuthServices
INFO  12:06:49 Content root path: C:\Users\saiab\source\repos\Stimulation project\AuthServices\AuthServices
INFO  12:07:53 Authentication initiated
INFO  12:08:03 Login credential matched
INFO  12:08:03 Token Generation initiated
INFO  12:11:48 Application started. Press Ctrl+C to shut down.
INFO  12:11:48 Application started. Press Ctrl+C to shut down.
INFO  12:11:48 Hosting environment: Development
INFO  12:11:48 Hosting environment: Development
INFO  12:11:48 Content root path: C:\Users\saiab\source\repos\Stimulation project\AuthServices\AuthServices
INFO  12:11:48 Content root path: C:\Users\saiab\source\repos\Stimulation project\AuthServices\AuthServices
INFO  12:12:09 Authentication initiated
INFO  12:12:12 Login credential matched
INFO  12:12:12 Token Generation initiated
INFO  12:18:28 Authentication initiated
INFO  12:18:28 Login credential matched
INFO  12:18:28 Token Generation initiated
INFO  12:22:09 Authentication initiated
INFO  12:22:09 Login credential matched
INFO  12:22:09 Token Generation initiated
INFO  12:25:42 Authentication initiated
INFO  12:25:42 Login credential matched
INFO  12:25:42 Token Generation initiated
INFO  01:26:59 Authentication initiated
INFO  01:27:07 Login credential matched
INFO  01:27:07 Token Generation initiated
INFO  01:28:44 Authentication initiated
INFO  01:28:44 Login credential matched
INFO  01:28:44 Token Generation initiated
INFO  01:41:41 Authentication initiated
INFO  01:41:42 Login credential matched
INFO  01:41:42 Token Generation initiated
INFO  01:45:32 Authentication initiated
INFO  01:45:32 Login credential matched
INFO  01:45:32 Token Generation initiated
INFO  01:48:59 Authentication initiated
INFO  01:48:59 Login credential matched
INFO  01:48:59 Token Generation initiated
INFO  01:50:22 Authentication initiated
INFO  01:50:22 Login credential matched
INFO  01:50:22 Token Generation initiated
INFO  01:51:24 Authentication initiated
INFO  01:51:24 Login credential matched
INFO  01:51:24 Token Generation initiated
INFO  01:53:41 Authentication initiated
INFO  01:53:41 Login credential matched
INFO  01:53:41 Token Generation initiated
INFO  01:54:44 Authentication initiated
INFO  01:54:44 Login credential matched
INFO  01:54:44 Token Generation initiated
INFO  10:29:42 Application started. Press Ctrl+C to shut down.
INFO  10:29:42 Application started. Press Ctrl+C to shut down.
INFO  10:29:42 Hosting environment: Development
INFO  10:29:42 Hosting environment: Development
INFO  10:29:42 Content root path: C:\Users\saiab\source\repos\Stimulation project\AuthServices\AuthServices
INFO  10:29:42 Content root path: C:\Users\saiab\source\repos\Stimulation project\AuthServices\AuthServices
INFO  10:30:15 Authentication initiated
INFO  10:30:24 Login credential matched
INFO  10:30:24 Token Generation initiated
INFO  10:33:30 Authentication initiated
INFO  10:33:30 Login credential matched
INFO  10:33:30 Token Generation initiated
INFO  10:33:52 Authentication initiated
INFO  10:33:52 Error
