INFO  04:40:23 Application started. Press Ctrl+C to shut down.
INFO  04:40:23 Application started. Press Ctrl+C to shut down.
INFO  04:40:23 Hosting environment: Development
INFO  04:40:23 Hosting environment: Development
INFO  04:40:23 Content root path: C:\Users\saiab\source\repos\Solution1\ItemList
INFO  04:40:23 Content root path: C:\Users\saiab\source\repos\Solution1\ItemList
INFO  04:40:34  Http GET is accesed
INFO  04:40:43  Http GET is accesed
INFO  07:20:27 Application started. Press Ctrl+C to shut down.
INFO  07:20:27 Application started. Press Ctrl+C to shut down.
INFO  07:20:27 Hosting environment: Development
INFO  07:20:27 Hosting environment: Development
INFO  07:20:27 Content root path: C:\Users\saiab\source\repos\Solution1\ItemList
INFO  07:20:27 Content root path: C:\Users\saiab\source\repos\Solution1\ItemList
INFO  07:20:49  Http GET is accesed
INFO  12:43:07 Application started. Press Ctrl+C to shut down.
INFO  12:43:07 Application started. Press Ctrl+C to shut down.
INFO  12:43:07 Hosting environment: Development
INFO  12:43:07 Hosting environment: Development
INFO  12:43:07 Content root path: C:\Users\saiab\source\repos\Stimulation project\Solution1\ItemList
INFO  12:43:07 Content root path: C:\Users\saiab\source\repos\Stimulation project\Solution1\ItemList
INFO  12:43:29 API initiated
INFO  12:43:29  Http GET is accesed
INFO  01:29:53 Application started. Press Ctrl+C to shut down.
INFO  01:29:53 Application started. Press Ctrl+C to shut down.
INFO  01:29:53 Hosting environment: Development
INFO  01:29:53 Hosting environment: Development
INFO  01:29:53 Content root path: C:\Users\saiab\source\repos\Stimulation project\Solution1\ItemList
INFO  01:29:53 Content root path: C:\Users\saiab\source\repos\Stimulation project\Solution1\ItemList
INFO  01:30:43 Application started. Press Ctrl+C to shut down.
INFO  01:30:43 Application started. Press Ctrl+C to shut down.
INFO  01:30:43 Hosting environment: Development
INFO  01:30:43 Hosting environment: Development
INFO  01:30:43 Content root path: C:\Users\saiab\source\repos\Stimulation project\Solution1\ItemList
INFO  01:30:43 Content root path: C:\Users\saiab\source\repos\Stimulation project\Solution1\ItemList
INFO  01:30:57 Application started. Press Ctrl+C to shut down.
INFO  01:30:57 Application started. Press Ctrl+C to shut down.
INFO  01:30:57 Hosting environment: Development
INFO  01:30:57 Hosting environment: Development
INFO  01:30:57 Content root path: C:\Users\saiab\source\repos\Stimulation project\Solution1\ItemList
INFO  01:30:57 Content root path: C:\Users\saiab\source\repos\Stimulation project\Solution1\ItemList
INFO  02:11:26 Application started. Press Ctrl+C to shut down.
INFO  02:11:26 Application started. Press Ctrl+C to shut down.
INFO  02:11:26 Hosting environment: Development
INFO  02:11:26 Hosting environment: Development
INFO  02:11:26 Content root path: C:\Users\saiab\source\repos\Stimulation project\Solution1\ItemList
INFO  02:11:26 Content root path: C:\Users\saiab\source\repos\Stimulation project\Solution1\ItemList
INFO  02:15:27 Application started. Press Ctrl+C to shut down.
INFO  02:15:27 Application started. Press Ctrl+C to shut down.
INFO  02:15:27 Hosting environment: Development
INFO  02:15:27 Hosting environment: Development
INFO  02:15:27 Content root path: C:\Users\saiab\source\repos\Stimulation project\Solution1\ItemList
INFO  02:15:27 Content root path: C:\Users\saiab\source\repos\Stimulation project\Solution1\ItemList
INFO  02:41:12 Application started. Press Ctrl+C to shut down.
INFO  02:41:12 Application started. Press Ctrl+C to shut down.
INFO  02:41:12 Hosting environment: Development
INFO  02:41:12 Hosting environment: Development
INFO  02:41:12 Content root path: C:\Users\saiab\source\repos\Stimulation project\Solution1\ItemList
INFO  02:41:12 Content root path: C:\Users\saiab\source\repos\Stimulation project\Solution1\ItemList
INFO  04:32:42 Application started. Press Ctrl+C to shut down.
INFO  04:32:42 Application started. Press Ctrl+C to shut down.
INFO  04:32:42 Hosting environment: Development
INFO  04:32:42 Hosting environment: Development
INFO  04:32:42 Content root path: C:\Users\saiab\source\repos\Stimulation project\Solution1\ItemList
INFO  04:32:42 Content root path: C:\Users\saiab\source\repos\Stimulation project\Solution1\ItemList
INFO  07:09:50 Application started. Press Ctrl+C to shut down.
INFO  07:09:50 Application started. Press Ctrl+C to shut down.
INFO  07:09:50 Hosting environment: Development
INFO  07:09:50 Hosting environment: Development
INFO  07:09:50 Content root path: C:\Users\saiab\source\repos\Stimulation project\Solution1\ItemList
INFO  07:09:50 Content root path: C:\Users\saiab\source\repos\Stimulation project\Solution1\ItemList
INFO  07:39:24 Application started. Press Ctrl+C to shut down.
INFO  07:39:24 Application started. Press Ctrl+C to shut down.
INFO  07:39:24 Hosting environment: Development
INFO  07:39:24 Hosting environment: Development
INFO  07:39:24 Content root path: C:\Users\saiab\source\repos\Stimulation project\Solution1\ItemList
INFO  07:39:24 Content root path: C:\Users\saiab\source\repos\Stimulation project\Solution1\ItemList
INFO  09:04:25 Application started. Press Ctrl+C to shut down.
INFO  09:04:25 Application started. Press Ctrl+C to shut down.
INFO  09:04:25 Hosting environment: Development
INFO  09:04:25 Hosting environment: Development
INFO  09:04:25 Content root path: C:\Users\saiab\source\repos\Stimulation project\Solution1\ItemList
INFO  09:04:25 Content root path: C:\Users\saiab\source\repos\Stimulation project\Solution1\ItemList
INFO  09:04:37 API initiated
INFO  09:04:38  Http GET is accesed
INFO  09:25:52 Application started. Press Ctrl+C to shut down.
INFO  09:25:52 Application started. Press Ctrl+C to shut down.
INFO  09:25:52 Hosting environment: Development
INFO  09:25:52 Hosting environment: Development
INFO  09:25:52 Content root path: C:\Users\saiab\source\repos\Stimulation project\Solution1\ItemList
INFO  09:25:52 Content root path: C:\Users\saiab\source\repos\Stimulation project\Solution1\ItemList
INFO  12:06:56 Application started. Press Ctrl+C to shut down.
INFO  12:06:56 Application started. Press Ctrl+C to shut down.
INFO  12:06:56 Hosting environment: Development
INFO  12:06:56 Hosting environment: Development
INFO  12:06:56 Content root path: C:\Users\saiab\source\repos\Stimulation project\Solution1\ItemList
INFO  12:06:56 Content root path: C:\Users\saiab\source\repos\Stimulation project\Solution1\ItemList
INFO  12:11:40 Application started. Press Ctrl+C to shut down.
INFO  12:11:40 Application started. Press Ctrl+C to shut down.
INFO  12:11:40 Hosting environment: Development
INFO  12:11:40 Hosting environment: Development
INFO  12:11:40 Content root path: C:\Users\saiab\source\repos\Stimulation project\Solution1\ItemList
INFO  12:11:40 Content root path: C:\Users\saiab\source\repos\Stimulation project\Solution1\ItemList
INFO  12:21:09 Application started. Press Ctrl+C to shut down.
INFO  12:21:09 Application started. Press Ctrl+C to shut down.
INFO  12:21:09 Hosting environment: Development
INFO  12:21:09 Hosting environment: Development
INFO  12:21:09 Content root path: C:\Users\saiab\source\repos\Stimulation project\Solution1\ItemList
INFO  12:21:09 Content root path: C:\Users\saiab\source\repos\Stimulation project\Solution1\ItemList
INFO  12:21:14 API initiated
INFO  12:21:14  Http GET is accesed
INFO  12:22:13 API initiated
INFO  12:22:13  Http GET is accesed
INFO  12:25:42 API initiated
INFO  12:25:42  Http GET is accesed
INFO  01:27:07 API initiated
INFO  01:27:07  Http GET is accesed
INFO  01:28:44 API initiated
INFO  01:28:44  Http GET is accesed
INFO  01:41:42 API initiated
INFO  01:41:42  Http GET is accesed
INFO  01:45:33 API initiated
INFO  01:45:33  Http GET is accesed
INFO  01:48:59 API initiated
INFO  01:48:59  Http GET is accesed
INFO  01:50:23 API initiated
INFO  01:50:23  Http GET is accesed
INFO  01:51:25 API initiated
INFO  01:51:25  Http GET is accesed
INFO  01:51:51 API initiated
INFO  01:51:51  Http GET is accesed
INFO  01:53:41 API initiated
INFO  01:53:41  Http GET is accesed
INFO  01:54:45 API initiated
INFO  01:54:45  Http GET is accesed
INFO  03:34:47 Application started. Press Ctrl+C to shut down.
INFO  03:34:48 Application started. Press Ctrl+C to shut down.
INFO  03:34:48 Hosting environment: Development
INFO  03:34:48 Hosting environment: Development
INFO  03:34:48 Content root path: C:\Users\saiab\source\repos\Stimulation project\Solution1\ItemList
INFO  03:34:48 Content root path: C:\Users\saiab\source\repos\Stimulation project\Solution1\ItemList
INFO  10:29:11 Application started. Press Ctrl+C to shut down.
INFO  10:29:11 Application started. Press Ctrl+C to shut down.
INFO  10:29:11 Hosting environment: Development
INFO  10:29:11 Hosting environment: Development
INFO  10:29:11 Content root path: C:\Users\saiab\source\repos\Stimulation project\Solution1\ItemList
INFO  10:29:11 Content root path: C:\Users\saiab\source\repos\Stimulation project\Solution1\ItemList
INFO  10:30:25 API initiated
INFO  10:30:25  Http GET is accesed
INFO  10:33:30 API initiated
INFO  10:33:30  Http GET is accesed
INFO  10:33:35 API initiated
INFO  10:33:35  Http GET is accesed
