INFO  04:53:35 Application started. Press Ctrl+C to shut down.
INFO  04:53:35 Application started. Press Ctrl+C to shut down.
INFO  04:53:35 Hosting environment: Development
INFO  04:53:35 Hosting environment: Development
INFO  04:53:35 Content root path: C:\Users\saiab\source\repos\Solution2\CreateList
INFO  04:53:35 Content root path: C:\Users\saiab\source\repos\Solution2\CreateList
INFO  07:31:28 Application started. Press Ctrl+C to shut down.
INFO  07:31:28 Application started. Press Ctrl+C to shut down.
INFO  07:31:28 Hosting environment: Development
INFO  07:31:28 Hosting environment: Development
INFO  07:31:28 Content root path: C:\Users\saiab\source\repos\Solution2\CreateList
INFO  07:31:28 Content root path: C:\Users\saiab\source\repos\Solution2\CreateList
INFO  07:32:29 API initiated
INFO  07:32:32  Http Post is accesed
INFO  12:46:42 Application started. Press Ctrl+C to shut down.
INFO  12:46:42 Application started. Press Ctrl+C to shut down.
INFO  12:46:42 Hosting environment: Development
INFO  12:46:42 Hosting environment: Development
INFO  12:46:42 Content root path: C:\Users\saiab\source\repos\Stimulation project\Solution2\CreateList
INFO  12:46:42 Content root path: C:\Users\saiab\source\repos\Stimulation project\Solution2\CreateList
INFO  12:47:12 API initiated
INFO  12:47:13  Http Post is accesed
INFO  05:46:21 Application started. Press Ctrl+C to shut down.
INFO  05:46:21 Application started. Press Ctrl+C to shut down.
INFO  05:46:21 Hosting environment: Development
INFO  05:46:21 Hosting environment: Development
INFO  05:46:21 Content root path: C:\Users\saiab\source\repos\Stimulation project\Solution2\CreateList
INFO  05:46:21 Content root path: C:\Users\saiab\source\repos\Stimulation project\Solution2\CreateList
INFO  05:46:50 API initiated
INFO  05:46:51  Http Post is accesed
INFO  02:11:27 Application started. Press Ctrl+C to shut down.
INFO  02:11:27 Application started. Press Ctrl+C to shut down.
INFO  02:11:27 Hosting environment: Development
INFO  02:11:27 Hosting environment: Development
INFO  02:11:27 Content root path: C:\Users\saiab\source\repos\Stimulation project\Solution2\CreateList
INFO  02:11:27 Content root path: C:\Users\saiab\source\repos\Stimulation project\Solution2\CreateList
INFO  02:15:36 Application started. Press Ctrl+C to shut down.
INFO  02:15:36 Application started. Press Ctrl+C to shut down.
INFO  02:15:36 Hosting environment: Development
INFO  02:15:36 Hosting environment: Development
INFO  02:15:36 Content root path: C:\Users\saiab\source\repos\Stimulation project\Solution2\CreateList
INFO  02:15:36 Content root path: C:\Users\saiab\source\repos\Stimulation project\Solution2\CreateList
INFO  04:32:34 Application started. Press Ctrl+C to shut down.
INFO  04:32:34 Application started. Press Ctrl+C to shut down.
INFO  04:32:34 Hosting environment: Development
INFO  04:32:34 Hosting environment: Development
INFO  04:32:34 Content root path: C:\Users\saiab\source\repos\Stimulation project\Solution2\CreateList
INFO  04:32:34 Content root path: C:\Users\saiab\source\repos\Stimulation project\Solution2\CreateList
INFO  01:19:15 Application started. Press Ctrl+C to shut down.
INFO  01:19:15 Application started. Press Ctrl+C to shut down.
INFO  01:19:15 Hosting environment: Development
INFO  01:19:15 Hosting environment: Development
INFO  01:19:15 Content root path: C:\Users\saiab\source\repos\Stimulation project\Solution2\CreateList
INFO  01:19:15 Content root path: C:\Users\saiab\source\repos\Stimulation project\Solution2\CreateList
INFO  01:30:00 Application started. Press Ctrl+C to shut down.
INFO  01:30:00 Application started. Press Ctrl+C to shut down.
INFO  01:30:00 Hosting environment: Development
INFO  01:30:00 Hosting environment: Development
INFO  01:30:00 Content root path: C:\Users\saiab\source\repos\Stimulation project\Solution2\CreateList
INFO  01:30:00 Content root path: C:\Users\saiab\source\repos\Stimulation project\Solution2\CreateList
INFO  01:30:23 API initiated
ERROR 01:30:25 Error in Post request
INFO  01:30:42 API initiated
INFO  01:30:42  Http Post is accesed
INFO  01:51:50 API initiated
INFO  01:51:51  Http Post is accesed
INFO  10:29:27 Application started. Press Ctrl+C to shut down.
INFO  10:29:27 Application started. Press Ctrl+C to shut down.
INFO  10:29:27 Hosting environment: Development
INFO  10:29:27 Hosting environment: Development
INFO  10:29:27 Content root path: C:\Users\saiab\source\repos\Stimulation project\Solution2\CreateList
INFO  10:29:27 Content root path: C:\Users\saiab\source\repos\Stimulation project\Solution2\CreateList
INFO  10:54:29 Application started. Press Ctrl+C to shut down.
INFO  10:54:29 Application started. Press Ctrl+C to shut down.
INFO  10:54:29 Hosting environment: Development
INFO  10:54:29 Hosting environment: Development
INFO  10:54:29 Content root path: C:\Users\saiab\source\repos\Stimulation project\Solution2\CreateList
INFO  10:54:29 Content root path: C:\Users\saiab\source\repos\Stimulation project\Solution2\CreateList
